0 info it worked if it ends with ok
1 verbose cli [ 'D:\\iojs\\node.exe',
1 verbose cli   'D:\\iojs\\node_modules\\npm\\bin\\npm-cli.js',
1 verbose cli   'start' ]
2 info using npm@2.8.3
3 info using node@v1.8.1
4 verbose stack Error: missing script: start
4 verbose stack     at run (D:\iojs\node_modules\npm\lib\run-script.js:165:19)
4 verbose stack     at D:\iojs\node_modules\npm\lib\run-script.js:81:5
4 verbose stack     at D:\iojs\node_modules\npm\node_modules\read-package-json\read-json.js:345:5
4 verbose stack     at checkBinReferences_ (D:\iojs\node_modules\npm\node_modules\read-package-json\read-json.js:309:45)
4 verbose stack     at final (D:\iojs\node_modules\npm\node_modules\read-package-json\read-json.js:343:3)
4 verbose stack     at then (D:\iojs\node_modules\npm\node_modules\read-package-json\read-json.js:113:5)
4 verbose stack     at D:\iojs\node_modules\npm\node_modules\read-package-json\read-json.js:284:20
4 verbose stack     at FSReqWrap.readFileAfterOpen [as oncomplete] (evalmachine.<anonymous>:305:5)
5 verbose cwd D:\xampp\htdocs\MWstore\4源码\mwstore\static
6 error Windows_NT 6.1.7601
7 error argv "D:\\iojs\\node.exe" "D:\\iojs\\node_modules\\npm\\bin\\npm-cli.js" "start"
8 error node v1.8.1
9 error npm  v2.8.3
10 error missing script: start
11 error If you need help, you may report this error at:
11 error     <https://github.com/npm/npm/issues>
12 verbose exit [ 1, true ]
